<?xml version="1.0" encoding="UTF-8"?>
<testsuite name="StringOfCharsTest" tests="5" skipped="0" failures="0" errors="0" timestamp="2021-03-30T20:40:45" hostname="DESKTOP-LUPP9I9" time="0.03">
  <properties/>
  <testcase name="searchInArray" classname="StringOfCharsTest" time="0.024"/>
  <testcase name="circumciseCharArrays" classname="StringOfCharsTest" time="0.001"/>
  <testcase name="concatenateCharArrays" classname="StringOfCharsTest" time="0.0"/>
  <testcase name="intToCharArray" classname="StringOfCharsTest" time="0.0"/>
  <testcase name="arrayToFloat" classname="StringOfCharsTest" time="0.003"/>
  <system-out><![CDATA[]]></system-out>
  <system-err><![CDATA[]]></system-err>
</testsuite>
